<?xml version="1.0" encoding="UTF-8"?>
<!-- Generated by org.testng.reporters.JUnitReportReporter -->
<testsuite hostname="LAPTOP-BJ4JQHJI" failures="0" tests="1" name="demoAssignment.Assignment1" time="27.057" errors="0" timestamp="2020-08-21T17:46:27 IST" skipped="0">
  <testcase classname="demoAssignment.Assignment1" name="First" time="27.057"/>
  <system-out/>
</testsuite> <!-- demoAssignment.Assignment1 -->
